<?xml version="1.0" encoding="UTF-8"?>
<!-- Generated by org.testng.reporters.JUnitXMLReporter -->
<testsuite hostname="Mds-MacBook-Pro.fios-router.home" name="Command line test" tests="3" failures="0" timestamp="4 May 2019 13:03:15 GMT" time="0.017" errors="0">
  <testcase name="addTest" time="0.006" classname="com.learnqaautomation.calculatortest.CalculatorTest"/>
  <testcase name="deductTest" time="0.0" classname="com.learnqaautomation.calculatortest.CalculatorTest"/>
  <testcase name="logTest" time="0.001" classname="com.learnqaautomation.calculatortest.ScientificCalculatorTest"/>
</testsuite> <!-- Command line test -->
