<?xml version="1.0" encoding="UTF-8"?>
<testng-results skipped="0" failed="0" total="3" passed="3">
  <reporter-output>
  </reporter-output>
  <suite name="Command line suite" duration-ms="17" started-at="2019-05-04T13:03:15Z" finished-at="2019-05-04T13:03:15Z">
    <groups>
    </groups>
    <test name="Command line test" duration-ms="17" started-at="2019-05-04T13:03:15Z" finished-at="2019-05-04T13:03:15Z">
      <class name="com.learnqaautomation.calculatortest.ScientificCalculatorTest">
        <test-method status="PASS" signature="logTest()[pri:0, instance:com.learnqaautomation.calculatortest.ScientificCalculatorTest@56cbfb61]" name="logTest" duration-ms="1" started-at="2019-05-04T09:03:15Z" finished-at="2019-05-04T09:03:15Z">
          <reporter-output>
          </reporter-output>
        </test-method> <!-- logTest -->
      </class> <!-- com.learnqaautomation.calculatortest.ScientificCalculatorTest -->
      <class name="com.learnqaautomation.calculatortest.CalculatorTest">
        <test-method status="PASS" signature="addTest()[pri:0, instance:com.learnqaautomation.calculatortest.CalculatorTest@2c8d66b2]" name="addTest" duration-ms="6" started-at="2019-05-04T09:03:15Z" finished-at="2019-05-04T09:03:15Z">
          <reporter-output>
          </reporter-output>
        </test-method> <!-- addTest -->
        <test-method status="PASS" signature="deductTest()[pri:0, instance:com.learnqaautomation.calculatortest.CalculatorTest@2c8d66b2]" name="deductTest" duration-ms="0" started-at="2019-05-04T09:03:15Z" finished-at="2019-05-04T09:03:15Z">
          <reporter-output>
          </reporter-output>
        </test-method> <!-- deductTest -->
      </class> <!-- com.learnqaautomation.calculatortest.CalculatorTest -->
    </test> <!-- Command line test -->
  </suite> <!-- Command line suite -->
</testng-results>
